[37m2023-05-28 00:21:56,983[0;39m [34mINFO [0;39m [[34mrestartedMain[0;39m] [33mc.e.v.VeterinariaApplication[0;39m: Starting VeterinariaApplication using Java 17.0.5 with PID 24348 (C:\Users\34606\Desktop\ActividadesAprendizaje\veterinaria\target\classes started by 34606 in C:\Users\34606\Desktop\ActividadesAprendizaje\veterinaria)
[37m2023-05-28 00:21:56,988[0;39m [34mINFO [0;39m [[34mrestartedMain[0;39m] [33mc.e.v.VeterinariaApplication[0;39m: No active profile set, falling back to 1 default profile: "default"
[37m2023-05-28 00:21:57,025[0;39m [34mINFO [0;39m [[34mrestartedMain[0;39m] [33mo.s.b.d.e.DevToolsPropertyDefaultsPostProcessor[0;39m: Devtools property defaults active! Set 'spring.devtools.add-properties' to 'false' to disable
[37m2023-05-28 00:21:57,025[0;39m [34mINFO [0;39m [[34mrestartedMain[0;39m] [33mo.s.b.d.e.DevToolsPropertyDefaultsPostProcessor[0;39m: For additional web related logging consider setting the 'logging.level.web' property to 'DEBUG'
[37m2023-05-28 00:21:57,458[0;39m [34mINFO [0;39m [[34mrestartedMain[0;39m] [33mo.s.d.r.c.RepositoryConfigurationDelegate[0;39m: Bootstrapping Spring Data JPA repositories in DEFAULT mode.
[37m2023-05-28 00:21:57,525[0;39m [34mINFO [0;39m [[34mrestartedMain[0;39m] [33mo.s.d.r.c.RepositoryConfigurationDelegate[0;39m: Finished Spring Data repository scanning in 62 ms. Found 5 JPA repository interfaces.
[37m2023-05-28 00:21:58,058[0;39m [34mINFO [0;39m [[34mrestartedMain[0;39m] [33mo.s.b.w.e.t.TomcatWebServer[0;39m: Tomcat initialized with port(s): 8081 (http)
[37m2023-05-28 00:21:58,066[0;39m [34mINFO [0;39m [[34mrestartedMain[0;39m] [33mo.a.c.h.Http11NioProtocol[0;39m: Initializing ProtocolHandler ["http-nio-8081"]
[37m2023-05-28 00:21:58,067[0;39m [34mINFO [0;39m [[34mrestartedMain[0;39m] [33mo.a.c.c.StandardService[0;39m: Starting service [Tomcat]
[37m2023-05-28 00:21:58,068[0;39m [34mINFO [0;39m [[34mrestartedMain[0;39m] [33mo.a.c.c.StandardEngine[0;39m: Starting Servlet engine: [Apache Tomcat/10.1.8]
[37m2023-05-28 00:21:58,126[0;39m [34mINFO [0;39m [[34mrestartedMain[0;39m] [33mo.a.c.c.C.[.[.[/][0;39m: Initializing Spring embedded WebApplicationContext
[37m2023-05-28 00:21:58,127[0;39m [34mINFO [0;39m [[34mrestartedMain[0;39m] [33mo.s.b.w.s.c.ServletWebServerApplicationContext[0;39m: Root WebApplicationContext: initialization completed in 1100 ms
[37m2023-05-28 00:21:58,152[0;39m [34mINFO [0;39m [[34mrestartedMain[0;39m] [33mc.z.h.HikariDataSource[0;39m: HikariPool-1 - Starting...
[37m2023-05-28 00:21:58,322[0;39m [34mINFO [0;39m [[34mrestartedMain[0;39m] [33mc.z.h.p.HikariPool[0;39m: HikariPool-1 - Added connection conn0: url=jdbc:h2:file:./Users/34606/data/veterinaria.db user=USER
[37m2023-05-28 00:21:58,325[0;39m [34mINFO [0;39m [[34mrestartedMain[0;39m] [33mc.z.h.HikariDataSource[0;39m: HikariPool-1 - Start completed.
[37m2023-05-28 00:21:58,334[0;39m [34mINFO [0;39m [[34mrestartedMain[0;39m] [33mo.s.b.a.h.H2ConsoleAutoConfiguration[0;39m: H2 console available at '/h2-console'. Database available at 'jdbc:h2:file:./Users/34606/data/veterinaria.db'
[37m2023-05-28 00:21:58,430[0;39m [34mINFO [0;39m [[34mrestartedMain[0;39m] [33mo.h.j.i.u.LogHelper[0;39m: HHH000204: Processing PersistenceUnitInfo [name: default]
[37m2023-05-28 00:21:58,469[0;39m [34mINFO [0;39m [[34mrestartedMain[0;39m] [33mo.hibernate.Version[0;39m: HHH000412: Hibernate ORM core version 6.2.2.Final
[37m2023-05-28 00:21:58,471[0;39m [34mINFO [0;39m [[34mrestartedMain[0;39m] [33mo.h.cfg.Environment[0;39m: HHH000406: Using bytecode reflection optimizer
[37m2023-05-28 00:21:58,578[0;39m [34mINFO [0;39m [[34mrestartedMain[0;39m] [33mo.h.b.i.BytecodeProviderInitiator[0;39m: HHH000021: Bytecode provider name : bytebuddy
[37m2023-05-28 00:21:58,676[0;39m [34mINFO [0;39m [[34mrestartedMain[0;39m] [33mo.s.o.j.p.SpringPersistenceUnitInfo[0;39m: No LoadTimeWeaver setup: ignoring JPA class transformer
[37m2023-05-28 00:21:58,702[0;39m [34mINFO [0;39m [[34mrestartedMain[0;39m] [33mo.h.orm.dialect[0;39m: HHH035001: Using dialect: org.hibernate.dialect.H2Dialect, version: 2.1.214
[37m2023-05-28 00:21:58,867[0;39m [34mINFO [0;39m [[34mrestartedMain[0;39m] [33mo.h.b.i.BytecodeProviderInitiator[0;39m: HHH000021: Bytecode provider name : bytebuddy
[37m2023-05-28 00:21:59,410[0;39m [34mINFO [0;39m [[34mrestartedMain[0;39m] [33mo.h.e.t.j.p.i.JtaPlatformInitiator[0;39m: HHH000490: Using JtaPlatform implementation: [org.hibernate.engine.transaction.jta.platform.internal.NoJtaPlatform]
[37m2023-05-28 00:21:59,458[0;39m [34mINFO [0;39m [[34mrestartedMain[0;39m] [33mo.s.o.j.LocalContainerEntityManagerFactoryBean[0;39m: Initialized JPA EntityManagerFactory for persistence unit 'default'
[37m2023-05-28 00:21:59,691[0;39m [34mINFO [0;39m [[34mrestartedMain[0;39m] [33mo.s.d.j.r.q.QueryEnhancerFactory[0;39m: Hibernate is in classpath; If applicable, HQL parser will be used.
[37m2023-05-28 00:21:59,948[0;39m [31mWARN [0;39m [[34mrestartedMain[0;39m] [33mo.s.b.a.o.j.JpaBaseConfiguration$JpaWebConfiguration[0;39m: spring.jpa.open-in-view is enabled by default. Therefore, database queries may be performed during view rendering. Explicitly configure spring.jpa.open-in-view to disable this warning
[37m2023-05-28 00:22:00,185[0;39m [34mINFO [0;39m [[34mrestartedMain[0;39m] [33mo.s.b.d.a.OptionalLiveReloadServer[0;39m: LiveReload server is running on port 35729
[37m2023-05-28 00:22:00,195[0;39m [34mINFO [0;39m [[34mrestartedMain[0;39m] [33mo.a.c.h.Http11NioProtocol[0;39m: Starting ProtocolHandler ["http-nio-8081"]
[37m2023-05-28 00:22:00,210[0;39m [34mINFO [0;39m [[34mrestartedMain[0;39m] [33mo.s.b.w.e.t.TomcatWebServer[0;39m: Tomcat started on port(s): 8081 (http) with context path ''
[37m2023-05-28 00:22:00,217[0;39m [34mINFO [0;39m [[34mrestartedMain[0;39m] [33mc.e.v.VeterinariaApplication[0;39m: Started VeterinariaApplication in 3.613 seconds (process running for 3.939)
[37m2023-05-28 00:26:36,013[0;39m [34mINFO [0;39m [[34mSpringApplicationShutdownHook[0;39m] [33mo.s.o.j.LocalContainerEntityManagerFactoryBean[0;39m: Closing JPA EntityManagerFactory for persistence unit 'default'
[37m2023-05-28 00:26:36,017[0;39m [34mINFO [0;39m [[34mSpringApplicationShutdownHook[0;39m] [33mc.z.h.HikariDataSource[0;39m: HikariPool-1 - Shutdown initiated...
[37m2023-05-28 00:26:36,019[0;39m [34mINFO [0;39m [[34mSpringApplicationShutdownHook[0;39m] [33mc.z.h.HikariDataSource[0;39m: HikariPool-1 - Shutdown completed.
